Build started 24-Sep-15 4:27:56 PM.
     1>Project "C:\Users\doglitbug\Documents\GitHub\Nexus\Nexus\Nexus.vcxproj" on node 2 (build target(s)).
     1>InitializeBuildStatus:
         Creating "Debug\Nexus.unsuccessfulbuild" because "AlwaysCreate" was specified.
       ClCompile:
         c:\Program Files (x86)\Microsoft Visual Studio 10.0\VC\bin\CL.exe /c /ZI /nologo /W3 /WX- /Od /Oy- /D _MBCS /Gm /EHsc /RTC1 /MDd /GS /fp:precise /Zc:wchar_t /Zc:forScope /Fo"Debug\\" /Fd"Debug\vc100.pdb" /Gd /TP /analyze- /errorReport:prompt board.cpp
         board.cpp
       Link:
         c:\Program Files (x86)\Microsoft Visual Studio 10.0\VC\bin\link.exe /ERRORREPORT:PROMPT /OUT:"C:\Users\doglitbug\Documents\GitHub\Nexus\Nexus\Debug\Nexus.exe" /NOLOGO SDL2.lib SDL2main.lib SDL2_image.lib kernel32.lib user32.lib gdi32.lib winspool.lib comdlg32.lib advapi32.lib shell32.lib ole32.lib oleaut32.lib uuid.lib odbc32.lib odbccp32.lib /MANIFEST /ManifestFile:"Debug\Nexus.exe.intermediate.manifest" /MANIFESTUAC:"level='asInvoker' uiAccess='false'" /DEBUG /PDB:"C:\Users\doglitbug\Documents\GitHub\Nexus\Nexus\Debug\Nexus.pdb" /SUBSYSTEM:CONSOLE /TLBID:1 /DYNAMICBASE /NXCOMPAT /IMPLIB:"C:\Users\doglitbug\Documents\GitHub\Nexus\Nexus\Debug\Nexus.lib" /MACHINE:X86 Debug\board.obj
         Debug\gameEngine.obj
         Debug\main.obj
         Debug\SDLLib.obj
         LINK : C:\Users\doglitbug\Documents\GitHub\Nexus\Nexus\Debug\Nexus.exe not found or not built by the last incremental link; performing full link
         Nexus.vcxproj -> C:\Users\doglitbug\Documents\GitHub\Nexus\Nexus\Debug\Nexus.exe
       Manifest:
         C:\Program Files (x86)\Microsoft SDKs\Windows\v7.0A\bin\mt.exe /nologo /verbose /outputresource:"C:\Users\doglitbug\Documents\GitHub\Nexus\Nexus\Debug\Nexus.exe;#1" /manifest Debug\Nexus.exe.intermediate.manifest
       FinalizeBuildStatus:
         Deleting file "Debug\Nexus.unsuccessfulbuild".
         Touching "Debug\Nexus.lastbuildstate".
     1>Done Building Project "C:\Users\doglitbug\Documents\GitHub\Nexus\Nexus\Nexus.vcxproj" (build target(s)).

Build succeeded.

Time Elapsed 00:00:00.82
