C:\USERS\DOGLITBUG\DOCUMENTS\GITHUB\NEXUS\NEXUS\DEBUG\BOARD.OBJ
C:\Users\doglitbug\Documents\GitHub\Nexus\Nexus\Debug\cl.command.1.tlog
C:\Users\doglitbug\Documents\GitHub\Nexus\Nexus\Debug\CL.read.1.tlog
C:\Users\doglitbug\Documents\GitHub\Nexus\Nexus\Debug\CL.write.1.tlog
C:\USERS\DOGLITBUG\DOCUMENTS\GITHUB\NEXUS\NEXUS\DEBUG\GAMEENGINE.OBJ
C:\Users\doglitbug\Documents\GitHub\Nexus\Nexus\Debug\link.command.1.tlog
C:\Users\doglitbug\Documents\GitHub\Nexus\Nexus\Debug\link.read.1.tlog
C:\Users\doglitbug\Documents\GitHub\Nexus\Nexus\Debug\link.write.1.tlog
C:\USERS\DOGLITBUG\DOCUMENTS\GITHUB\NEXUS\NEXUS\DEBUG\MAIN.OBJ
C:\Users\doglitbug\Documents\GitHub\Nexus\Nexus\Debug\mt.command.1.tlog
C:\Users\doglitbug\Documents\GitHub\Nexus\Nexus\Debug\mt.read.1.tlog
C:\Users\doglitbug\Documents\GitHub\Nexus\Nexus\Debug\mt.write.1.tlog
C:\USERS\DOGLITBUG\DOCUMENTS\GITHUB\NEXUS\NEXUS\DEBUG\NEXUS.EXE
C:\USERS\DOGLITBUG\DOCUMENTS\GITHUB\NEXUS\NEXUS\DEBUG\NEXUS.EXE.INTERMEDIATE.MANIFEST
C:\USERS\DOGLITBUG\DOCUMENTS\GITHUB\NEXUS\NEXUS\DEBUG\NEXUS.ILK
C:\USERS\DOGLITBUG\DOCUMENTS\GITHUB\NEXUS\NEXUS\DEBUG\NEXUS.PDB
C:\Users\doglitbug\Documents\GitHub\Nexus\Nexus\Debug\Nexus.write.1.tlog
C:\USERS\DOGLITBUG\DOCUMENTS\GITHUB\NEXUS\NEXUS\DEBUG\SDLLIB.OBJ
C:\Users\doglitbug\Documents\GitHub\Nexus\Nexus\Debug\vc100.idb
C:\USERS\DOGLITBUG\DOCUMENTS\GITHUB\NEXUS\NEXUS\DEBUG\VC100.PDB
